<?xml version="1.0" encoding="UTF-8"?>
<!-- Generated by org.testng.reporters.JUnitReportReporter -->
<testsuite hostname="arzu" failures="0" tests="1" name="Com.class01.TestingNg" time="0.037" errors="0" timestamp="2020-05-20T20:38:37 CDT" skipped="0">
  <testcase classname="Com.class01.TestingNg" name="hello" time="0.037"/>
  <system-out/>
</testsuite> <!-- Com.class01.TestingNg -->
