<?xml version="1.0" encoding="UTF-8"?>
<!-- Generated by org.testng.reporters.JUnitReportReporter -->
<testsuite hostname="arzu" failures="0" tests="2" name="HOMEWORK.HWclass02" time="31.988" errors="0" timestamp="2020-05-27T00:15:24 CDT" skipped="0">
  <testcase classname="HOMEWORK.HWclass02" name="VerfyEmployeelabel" time="16.660"/>
  <system-out/>
  <testcase classname="HOMEWORK.HWclass02" name="LoginPage" time="15.328"/>
  <system-out/>
</testsuite> <!-- HOMEWORK.HWclass02 -->
