<?xml version="1.0" encoding="UTF-8"?>
<!-- Generated by org.testng.reporters.JUnitReportReporter -->
<testsuite hostname="arzu" failures="0" tests="3" name="Com.class01.TestNdDemo" time="0.017" errors="0" timestamp="2020-05-21T14:49:19 CDT" skipped="0">
  <testcase classname="Com.class01.TestNdDemo" name="testOne" time="0.012"/>
  <system-out/>
  <testcase classname="Com.class01.TestNdDemo" name="testThree" time="0.003"/>
  <system-out/>
  <testcase classname="Com.class01.TestNdDemo" name="testTwo" time="0.002"/>
  <system-out/>
</testsuite> <!-- Com.class01.TestNdDemo -->
