<?xml version="1.0" encoding="UTF-8"?>
<!-- Generated by org.testng.reporters.JUnitReportReporter -->
<testsuite hostname="arzu" failures="0" tests="3" name="Com.class01.TaskTwo" time="0.018" errors="0" timestamp="2020-05-19T19:58:29 CDT" skipped="0">
  <testcase classname="Com.class01.TaskTwo" name="secondThree" time="0.004"/>
  <system-out/>
  <testcase classname="Com.class01.TaskTwo" name="secondTest" time="0.002"/>
  <system-out/>
  <testcase classname="Com.class01.TaskTwo" name="firstTest" time="0.012"/>
  <system-out/>
</testsuite> <!-- Com.class01.TaskTwo -->
