<?xml version="1.0" encoding="UTF-8"?>
<!-- Generated by org.testng.reporters.JUnitReportReporter -->
<testsuite hostname="arzu" failures="0" tests="2" name="Com.class01.TaskTwo" time="0.022" errors="0" timestamp="2020-05-19T19:06:18 CDT" skipped="0">
  <testcase classname="Com.class01.TaskTwo" name="secondTest" time="0.003"/>
  <system-out/>
  <testcase classname="Com.class01.TaskTwo" name="firstTest" time="0.019"/>
  <system-out/>
</testsuite> <!-- Com.class01.TaskTwo -->
