<?xml version="1.0" encoding="UTF-8"?>
<!-- Generated by org.testng.reporters.JUnitReportReporter -->
<testsuite hostname="arzu" failures="0" tests="1" name="Com.class01.TitleLogoLoginValidation" time="22.187" errors="0" timestamp="2020-05-26T19:03:55 CDT" skipped="0">
  <testcase classname="Com.class01.TitleLogoLoginValidation" name="validLogin" time="22.187"/>
  <system-out/>
</testsuite> <!-- Com.class01.TitleLogoLoginValidation -->
