<?xml version="1.0" encoding="UTF-8"?>
<!-- Generated by org.testng.reporters.JUnitReportReporter -->
<testsuite hostname="arzu" failures="0" tests="3" name="Com.class03.GroupsDemo" time="0.016" errors="0" timestamp="2020-05-28T14:34:54 CDT" skipped="0">
  <testcase classname="Com.class03.GroupsDemo" name="test3" time="0.000"/>
  <system-out/>
  <testcase classname="Com.class03.GroupsDemo" name="test4" time="0.016"/>
  <system-out/>
  <testcase classname="Com.class03.GroupsDemo" name="test2" time="0.000"/>
  <system-out/>
</testsuite> <!-- Com.class03.GroupsDemo -->
