<?xml version="1.0" encoding="UTF-8"?>
<!-- Generated by org.testng.reporters.JUnitReportReporter -->
<testsuite hostname="arzu" failures="0" tests="5" name="Com.class02.TaskOne" time="0.025" errors="0" timestamp="2020-05-29T15:19:55 CDT" skipped="1">
  <testcase classname="Com.class02.TaskOne" name="fourthMethod" time="0.017"/>
  <system-out/>
  <testcase classname="Com.class02.TaskOne" name="thirdMethod" time="0.004"/>
  <system-out/>
  <testcase classname="Com.class02.TaskOne" name="secondMethod" time="0.002"/>
  <system-out/>
  <testcase classname="Com.class02.TaskOne" name="firstMethod" time="0.002"/>
  <system-out/>
  <testcase classname="Com.class02.TaskOne" name="firstMethod1">
    <skipped/>
  </testcase> <!-- firstMethod1 -->
  <system-out/>
</testsuite> <!-- Com.class02.TaskOne -->
