<?xml version="1.0" encoding="UTF-8"?>
<!-- Generated by org.testng.reporters.JUnitReportReporter -->
<testsuite hostname="arzu" failures="0" tests="2" name="Com.class01.TestNGdemo2" time="0.000" errors="0" timestamp="2020-05-20T23:48:16 CDT" skipped="0">
  <testcase classname="Com.class01.TestNGdemo2" name="firstTest" time="0.000"/>
  <system-out/>
  <testcase classname="Com.class01.TestNGdemo2" name="secondTest" time="0.000"/>
  <system-out/>
</testsuite> <!-- Com.class01.TestNGdemo2 -->
