<?xml version="1.0" encoding="UTF-8"?>
<!-- Generated by org.testng.reporters.JUnitReportReporter -->
<testsuite hostname="arzu" failures="0" tests="1" name="HOMEWORK.NegativeLogInClass01" time="7.194" errors="0" timestamp="2020-05-25T23:30:15 CDT" skipped="0">
  <testcase classname="HOMEWORK.NegativeLogInClass01" name="inValidLogin" time="7.194"/>
  <system-out/>
</testsuite> <!-- HOMEWORK.NegativeLogInClass01 -->
