<?xml version="1.0" encoding="UTF-8"?>
<!-- Generated by org.testng.reporters.JUnitReportReporter -->
<testsuite hostname="arzu" failures="0" tests="3" name="Com.class01.TaskTwo" time="0.016" errors="0" timestamp="2020-05-29T00:52:52 CDT" skipped="0">
  <testcase classname="Com.class01.TaskTwo" name="firstTest" time="0.008"/>
  <system-out/>
  <testcase classname="Com.class01.TaskTwo" name="secondThree" time="0.005"/>
  <system-out/>
  <testcase classname="Com.class01.TaskTwo" name="secondTest" time="0.003"/>
  <system-out/>
</testsuite> <!-- Com.class01.TaskTwo -->
