<?xml version="1.0" encoding="UTF-8"?>
<!-- Generated by org.testng.reporters.JUnitReportReporter -->
<testsuite hostname="arzu" failures="0" tests="5" name="HOMEWORK.DataProviderclass03" time="100.333" errors="0" timestamp="2020-05-28T15:42:45 CDT" skipped="0">
  <testcase classname="HOMEWORK.DataProviderclass03" name="AddFiveEmply" time="19.481"/>
  <system-out/>
  <testcase classname="HOMEWORK.DataProviderclass03" name="AddFiveEmply" time="21.873"/>
  <system-out/>
  <testcase classname="HOMEWORK.DataProviderclass03" name="AddFiveEmply" time="19.134"/>
  <system-out/>
  <testcase classname="HOMEWORK.DataProviderclass03" name="AddFiveEmply" time="19.200"/>
  <system-out/>
  <testcase classname="HOMEWORK.DataProviderclass03" name="AddFiveEmply" time="20.645"/>
  <system-out/>
</testsuite> <!-- HOMEWORK.DataProviderclass03 -->
