<?xml version="1.0" encoding="UTF-8"?>
<!-- Generated by org.testng.reporters.JUnitReportReporter -->
<testsuite hostname="arzu" failures="0" tests="2" name="Com.class02.AssertionDemo" time="36.602" errors="0" timestamp="2020-05-26T19:35:47 CDT" skipped="0">
  <testcase classname="Com.class02.AssertionDemo" name="titleValidation" time="16.085"/>
  <system-out/>
  <testcase classname="Com.class02.AssertionDemo" name="logoValidation" time="20.517"/>
  <system-out/>
</testsuite> <!-- Com.class02.AssertionDemo -->
