<?xml version="1.0" encoding="UTF-8"?>
<!-- Generated by org.testng.reporters.JUnitReportReporter -->
<testsuite hostname="arzu" failures="0" tests="3" name="Com.class01.TestNdDemo" time="0.020" errors="0" timestamp="2020-05-19T18:29:32 CDT" skipped="0">
  <testcase classname="Com.class01.TestNdDemo" name="testThree" time="0.007"/>
  <system-out/>
  <testcase classname="Com.class01.TestNdDemo" name="testTwo" time="0.002"/>
  <system-out/>
  <testcase classname="Com.class01.TestNdDemo" name="testOne" time="0.011"/>
  <system-out/>
</testsuite> <!-- Com.class01.TestNdDemo -->
