<?xml version="1.0" encoding="UTF-8"?>
<!-- Generated by org.testng.reporters.JUnitReportReporter -->
<testsuite hostname="arzu" failures="0" tests="1" name="Com.Test.AutomateUserStory" time="19.867" errors="0" timestamp="2020-05-26T15:47:18 CDT" skipped="0">
  <testcase classname="Com.Test.AutomateUserStory" name="loginCredentials" time="19.867"/>
  <system-out/>
</testsuite> <!-- Com.Test.AutomateUserStory -->
