<?xml version="1.0" encoding="UTF-8"?>
<!-- Generated by org.testng.reporters.JUnitReportReporter -->
<testsuite hostname="arzu" failures="0" tests="4" name="Com.class03.GroupsDemo" time="0.019" errors="0" timestamp="2020-05-26T22:44:22 CDT" skipped="0">
  <testcase classname="Com.class03.GroupsDemo" name="test2" time="0.008"/>
  <system-out/>
  <testcase classname="Com.class03.GroupsDemo" name="test4" time="0.002"/>
  <system-out/>
  <testcase classname="Com.class03.GroupsDemo" name="test3" time="0.001"/>
  <system-out/>
  <testcase classname="Com.class03.GroupsDemo" name="test1" time="0.008"/>
  <system-out/>
</testsuite> <!-- Com.class03.GroupsDemo -->
