<?xml version="1.0" encoding="UTF-8"?>
<!-- Generated by org.testng.reporters.JUnitReportReporter -->
<testsuite hostname="arzu" failures="0" tests="1" name="Com.class01.TestingNg" time="0.002" errors="0" timestamp="2020-05-29T00:52:52 CDT" skipped="0">
  <testcase classname="Com.class01.TestingNg" name="hello" time="0.002"/>
  <system-out/>
</testsuite> <!-- Com.class01.TestingNg -->
