<?xml version="1.0" encoding="UTF-8"?>
<!-- Generated by org.testng.reporters.JUnitReportReporter -->
<testsuite hostname="arzu" failures="0" tests="3" name="Com.class01.TitleLogoLoginValidation" time="0.016" errors="0" timestamp="2020-05-20T23:59:45 CDT" skipped="0">
  <testcase classname="Com.class01.TitleLogoLoginValidation" name="ValidLogin" time="0.000"/>
  <system-out/>
  <testcase classname="Com.class01.TitleLogoLoginValidation" name="logoValidation" time="0.000"/>
  <system-out/>
  <testcase classname="Com.class01.TitleLogoLoginValidation" name="TitleValidation" time="0.016"/>
  <system-out/>
</testsuite> <!-- Com.class01.TitleLogoLoginValidation -->
