<?xml version="1.0" encoding="UTF-8"?>
<!-- Generated by org.testng.reporters.JUnitReportReporter -->
<testsuite hostname="arzu" failures="0" tests="1" name="Com.class04.HWClass03$HW" time="0.000" errors="0" timestamp="2020-05-30T10:50:01 CDT" skipped="1">
  <testcase classname="Com.class04.HWClass03$HW" name="test" time="0.000">
    <skipped/>
  </testcase> <!-- test -->
  <system-out/>
</testsuite> <!-- Com.class04.HWClass03$HW -->
