<?xml version="1.0" encoding="UTF-8"?>
<!-- Generated by org.testng.reporters.JUnitReportReporter -->
<testsuite hostname="arzu" failures="0" tests="1" name="Com.class01.TestNGdemo" time="0.003" errors="0" timestamp="2020-05-26T19:23:14 CDT" skipped="0">
  <testcase classname="Com.class01.TestNGdemo" name="firstTest" time="0.003"/>
  <system-out/>
</testsuite> <!-- Com.class01.TestNGdemo -->
