<?xml version="1.0" encoding="UTF-8"?>
<!-- Generated by org.testng.reporters.JUnitReportReporter -->
<testsuite hostname="arzu" failures="0" tests="2" name="HOMEWORK.HWclass02" time="37.290" errors="0" timestamp="2020-05-26T17:53:16 CDT" skipped="0">
  <testcase classname="HOMEWORK.HWclass02" name="LoginPage" time="20.861"/>
  <system-out/>
  <testcase classname="HOMEWORK.HWclass02" name="VerfyEmployeelabel" time="16.429"/>
  <system-out/>
</testsuite> <!-- HOMEWORK.HWclass02 -->
