<?xml version="1.0" encoding="UTF-8"?>
<!-- Generated by org.testng.reporters.JUnitReportReporter -->
<testsuite hostname="arzu" failures="0" tests="3" name="Com.Test.LoginTest" time="25.311" errors="0" timestamp="2020-05-25T22:27:11 CDT" skipped="0">
  <testcase classname="Com.Test.LoginTest" name="ValidAdminlogin" time="9.344"/>
  <system-out/>
  <testcase classname="Com.Test.LoginTest" name="emptyUsernamelogin" time="7.743"/>
  <system-out/>
  <testcase classname="Com.Test.LoginTest" name="InvalidPasswordlogin" time="8.224"/>
  <system-out/>
</testsuite> <!-- Com.Test.LoginTest -->
