<?xml version="1.0" encoding="UTF-8"?>
<!-- Generated by org.testng.reporters.JUnitReportReporter -->
<testsuite hostname="arzu" failures="0" tests="2" name="HOMEWORK.LogoIsDisplayClass01" time="4.387" errors="0" timestamp="2020-05-22T15:59:29 CDT" skipped="0">
  <testcase classname="HOMEWORK.LogoIsDisplayClass01" name="ValidLogIn" time="4.340"/>
  <system-out/>
  <testcase classname="HOMEWORK.LogoIsDisplayClass01" name="verifyLogo" time="0.047"/>
  <system-out/>
</testsuite> <!-- HOMEWORK.LogoIsDisplayClass01 -->
